<?xml version="1.0" encoding="UTF-8"?>
<!-- Generated by org.testng.reporters.JUnitXMLReporter -->
<testsuite ignored="0" hostname="DESKTOP-61GGOE9" failures="0" tests="4" name="Surefire test" time="58.84" errors="0" timestamp="2026-04-06T21:12:08 WITA">
  <testcase classname="com.juaracoding.mera.SwagLabsTest" name="testLoginSuccess" time="4.738"/>
  <testcase classname="com.juaracoding.mera.SwagLabsTest" name="testLoginFailed" time="4.433"/>
  <testcase classname="com.juaracoding.mera.SwagLabsTest" name="testCheckoutFlow" time="13.724"/>
  <testcase classname="com.juaracoding.mera.SwagLabsTest" name="testSortAndAddToCart" time="8.369"/>
</testsuite> <!-- Surefire test -->
