-------------------------------------------------------------------------------
Test set: com.juaracoding.mera.SwagLabsTest
-------------------------------------------------------------------------------
Tests run: 4, Failures: 4, Errors: 0, Skipped: 0, Time elapsed: 65.107 s <<< FAILURE! - in com.juaracoding.mera.SwagLabsTest
testLoginSuccess(com.juaracoding.mera.SwagLabsTest)  Time elapsed: 14.643 s  <<< FAILURE!
org.openqa.selenium.TimeoutException: 
Expected condition failed: waiting for visibility of element found by AppiumBy.accessibilityId: test-Username, but... org.openqa.selenium.NoSuchElementException: An element could not be located on the page using the given search parameters..
(tried for 10 seconds with 500 milliseconds interval)
Build info: version: '4.41.0', revision: '9fc754f'
System info: os.name: 'Windows 11', os.arch: 'amd64', os.version: '10.0', java.version: '17.0.7'
Driver info: io.appium.java_client.android.AndroidDriver
Capabilities {appium:appActivity: com.swaglabsmobileapp.MainA..., appium:appPackage: com.swaglabsmobileapp, appium:automationName: UIAutomator2, appium:databaseEnabled: false, appium:desired: {appActivity: com.swaglabsmobileapp.MainA..., appPackage: com.swaglabsmobileapp, automationName: UIAutomator2, deviceName: Pixel 3, noReset: true, platformName: ANDROID, udid: emulator-5554}, appium:deviceApiLevel: 29, appium:deviceManufacturer: Google, appium:deviceModel: Android SDK built for x86, appium:deviceName: emulator-5554, appium:deviceScreenDensity: 440, appium:deviceScreenSize: 1080x2160, appium:deviceUDID: emulator-5554, appium:javascriptEnabled: true, appium:locationContextEnabled: false, appium:networkConnectionEnabled: true, appium:noReset: true, appium:pixelRatio: 2.75, appium:platformVersion: 10, appium:statBarHeight: 66, appium:takesScreenshot: true, appium:udid: emulator-5554, appium:viewportRect: {height: 1962, left: 0, top: 66, width: 1080}, appium:warnings: {}, appium:webStorageEnabled: false, platformName: ANDROID}
Session ID: 38d830ae-604b-439d-9c0b-88a2d28bfae5
	at com.juaracoding.mera.SwagLabsTest.login(SwagLabsTest.java:92)
	at com.juaracoding.mera.SwagLabsTest.testLoginSuccess(SwagLabsTest.java:105)

testLoginFailed(com.juaracoding.mera.SwagLabsTest)  Time elapsed: 13.367 s  <<< FAILURE!
org.openqa.selenium.TimeoutException: 
Expected condition failed: waiting for visibility of element found by AppiumBy.accessibilityId: test-Username, but... org.openqa.selenium.NoSuchElementException: An element could not be located on the page using the given search parameters..
(tried for 10 seconds with 500 milliseconds interval)
Build info: version: '4.41.0', revision: '9fc754f'
System info: os.name: 'Windows 11', os.arch: 'amd64', os.version: '10.0', java.version: '17.0.7'
Driver info: io.appium.java_client.android.AndroidDriver
Capabilities {appium:appActivity: com.swaglabsmobileapp.MainA..., appium:appPackage: com.swaglabsmobileapp, appium:automationName: UIAutomator2, appium:databaseEnabled: false, appium:desired: {appActivity: com.swaglabsmobileapp.MainA..., appPackage: com.swaglabsmobileapp, automationName: UIAutomator2, deviceName: Pixel 3, noReset: true, platformName: ANDROID, udid: emulator-5554}, appium:deviceApiLevel: 29, appium:deviceManufacturer: Google, appium:deviceModel: Android SDK built for x86, appium:deviceName: emulator-5554, appium:deviceScreenDensity: 440, appium:deviceScreenSize: 1080x2160, appium:deviceUDID: emulator-5554, appium:javascriptEnabled: true, appium:locationContextEnabled: false, appium:networkConnectionEnabled: true, appium:noReset: true, appium:pixelRatio: 2.75, appium:platformVersion: 10, appium:statBarHeight: 66, appium:takesScreenshot: true, appium:udid: emulator-5554, appium:viewportRect: {height: 1962, left: 0, top: 66, width: 1080}, appium:warnings: {}, appium:webStorageEnabled: false, platformName: ANDROID}
Session ID: 38d830ae-604b-439d-9c0b-88a2d28bfae5
	at com.juaracoding.mera.SwagLabsTest.login(SwagLabsTest.java:92)
	at com.juaracoding.mera.SwagLabsTest.testLoginFailed(SwagLabsTest.java:126)

testSortAndAddToCart(com.juaracoding.mera.SwagLabsTest)  Time elapsed: 13.317 s  <<< FAILURE!
org.openqa.selenium.TimeoutException: 
Expected condition failed: waiting for visibility of element found by AppiumBy.accessibilityId: test-Username, but... org.openqa.selenium.NoSuchElementException: An element could not be located on the page using the given search parameters..
(tried for 10 seconds with 500 milliseconds interval)
Build info: version: '4.41.0', revision: '9fc754f'
System info: os.name: 'Windows 11', os.arch: 'amd64', os.version: '10.0', java.version: '17.0.7'
Driver info: io.appium.java_client.android.AndroidDriver
Capabilities {appium:appActivity: com.swaglabsmobileapp.MainA..., appium:appPackage: com.swaglabsmobileapp, appium:automationName: UIAutomator2, appium:databaseEnabled: false, appium:desired: {appActivity: com.swaglabsmobileapp.MainA..., appPackage: com.swaglabsmobileapp, automationName: UIAutomator2, deviceName: Pixel 3, noReset: true, platformName: ANDROID, udid: emulator-5554}, appium:deviceApiLevel: 29, appium:deviceManufacturer: Google, appium:deviceModel: Android SDK built for x86, appium:deviceName: emulator-5554, appium:deviceScreenDensity: 440, appium:deviceScreenSize: 1080x2160, appium:deviceUDID: emulator-5554, appium:javascriptEnabled: true, appium:locationContextEnabled: false, appium:networkConnectionEnabled: true, appium:noReset: true, appium:pixelRatio: 2.75, appium:platformVersion: 10, appium:statBarHeight: 66, appium:takesScreenshot: true, appium:udid: emulator-5554, appium:viewportRect: {height: 1962, left: 0, top: 66, width: 1080}, appium:warnings: {}, appium:webStorageEnabled: false, platformName: ANDROID}
Session ID: 38d830ae-604b-439d-9c0b-88a2d28bfae5
	at com.juaracoding.mera.SwagLabsTest.login(SwagLabsTest.java:92)
	at com.juaracoding.mera.SwagLabsTest.testSortAndAddToCart(SwagLabsTest.java:142)

testCheckoutFlow(com.juaracoding.mera.SwagLabsTest)  Time elapsed: 13.248 s  <<< FAILURE!
org.openqa.selenium.TimeoutException: 
Expected condition failed: waiting for visibility of element found by AppiumBy.accessibilityId: test-Username, but... org.openqa.selenium.NoSuchElementException: An element could not be located on the page using the given search parameters..
(tried for 10 seconds with 500 milliseconds interval)
Build info: version: '4.41.0', revision: '9fc754f'
System info: os.name: 'Windows 11', os.arch: 'amd64', os.version: '10.0', java.version: '17.0.7'
Driver info: io.appium.java_client.android.AndroidDriver
Capabilities {appium:appActivity: com.swaglabsmobileapp.MainA..., appium:appPackage: com.swaglabsmobileapp, appium:automationName: UIAutomator2, appium:databaseEnabled: false, appium:desired: {appActivity: com.swaglabsmobileapp.MainA..., appPackage: com.swaglabsmobileapp, automationName: UIAutomator2, deviceName: Pixel 3, noReset: true, platformName: ANDROID, udid: emulator-5554}, appium:deviceApiLevel: 29, appium:deviceManufacturer: Google, appium:deviceModel: Android SDK built for x86, appium:deviceName: emulator-5554, appium:deviceScreenDensity: 440, appium:deviceScreenSize: 1080x2160, appium:deviceUDID: emulator-5554, appium:javascriptEnabled: true, appium:locationContextEnabled: false, appium:networkConnectionEnabled: true, appium:noReset: true, appium:pixelRatio: 2.75, appium:platformVersion: 10, appium:statBarHeight: 66, appium:takesScreenshot: true, appium:udid: emulator-5554, appium:viewportRect: {height: 1962, left: 0, top: 66, width: 1080}, appium:warnings: {}, appium:webStorageEnabled: false, platformName: ANDROID}
Session ID: 38d830ae-604b-439d-9c0b-88a2d28bfae5
	at com.juaracoding.mera.SwagLabsTest.login(SwagLabsTest.java:92)
	at com.juaracoding.mera.SwagLabsTest.testCheckoutFlow(SwagLabsTest.java:169)

