<?xml version="1.0" encoding="UTF-8"?>
<testng-results ignored="0" total="4" passed="4" failed="0" skipped="0">
  <reporter-output>
  </reporter-output>
  <suite started-at="2026-04-06T21:11:09 WITA" name="Surefire suite" finished-at="2026-04-06T21:12:08 WITA" duration-ms="58840">
    <groups>
    </groups>
    <test started-at="2026-04-06T21:11:09 WITA" name="Surefire test" finished-at="2026-04-06T21:12:08 WITA" duration-ms="58840">
      <class name="com.juaracoding.mera.SwagLabsTest">
        <test-method is-config="true" signature="setUp()[pri:0, instance:com.juaracoding.mera.SwagLabsTest@2133814f]" started-at="2026-04-06T21:11:09 WITA" name="setUp" finished-at="2026-04-06T21:11:20 WITA" duration-ms="10987" status="PASS">
          <reporter-output>
          </reporter-output>
        </test-method> <!-- setUp -->
        <test-method signature="testLoginSuccess()[pri:1, instance:com.juaracoding.mera.SwagLabsTest@2133814f]" started-at="2026-04-06T21:11:20 WITA" name="testLoginSuccess" description="Test valid login" finished-at="2026-04-06T21:11:25 WITA" duration-ms="4738" status="PASS">
          <reporter-output>
          </reporter-output>
        </test-method> <!-- testLoginSuccess -->
        <test-method is-config="true" signature="doLogout()[pri:0, instance:com.juaracoding.mera.SwagLabsTest@2133814f]" started-at="2026-04-06T21:11:25 WITA" name="doLogout" finished-at="2026-04-06T21:11:27 WITA" duration-ms="1855" status="PASS">
          <reporter-output>
          </reporter-output>
        </test-method> <!-- doLogout -->
        <test-method signature="testLoginFailed()[pri:2, instance:com.juaracoding.mera.SwagLabsTest@2133814f]" started-at="2026-04-06T21:11:27 WITA" name="testLoginFailed" description="Test invalid login" finished-at="2026-04-06T21:11:31 WITA" duration-ms="4433" status="PASS">
          <reporter-output>
          </reporter-output>
        </test-method> <!-- testLoginFailed -->
        <test-method is-config="true" signature="doLogout()[pri:0, instance:com.juaracoding.mera.SwagLabsTest@2133814f]" started-at="2026-04-06T21:11:31 WITA" name="doLogout" finished-at="2026-04-06T21:11:41 WITA" duration-ms="10208" status="PASS">
          <reporter-output>
          </reporter-output>
        </test-method> <!-- doLogout -->
        <test-method signature="testCheckoutFlow()[pri:3, instance:com.juaracoding.mera.SwagLabsTest@2133814f]" started-at="2026-04-06T21:11:41 WITA" name="testCheckoutFlow" description="Test checkout flow" finished-at="2026-04-06T21:11:55 WITA" duration-ms="13724" status="PASS">
          <reporter-output>
          </reporter-output>
        </test-method> <!-- testCheckoutFlow -->
        <test-method is-config="true" signature="doLogout()[pri:0, instance:com.juaracoding.mera.SwagLabsTest@2133814f]" started-at="2026-04-06T21:11:55 WITA" name="doLogout" finished-at="2026-04-06T21:11:57 WITA" duration-ms="1775" status="PASS">
          <reporter-output>
          </reporter-output>
        </test-method> <!-- doLogout -->
        <test-method signature="testSortAndAddToCart()[pri:4, instance:com.juaracoding.mera.SwagLabsTest@2133814f]" started-at="2026-04-06T21:11:57 WITA" name="testSortAndAddToCart" description="Test sorting products and adding to cart" finished-at="2026-04-06T21:12:05 WITA" duration-ms="8369" status="PASS">
          <reporter-output>
          </reporter-output>
        </test-method> <!-- testSortAndAddToCart -->
        <test-method is-config="true" signature="doLogout()[pri:0, instance:com.juaracoding.mera.SwagLabsTest@2133814f]" started-at="2026-04-06T21:12:05 WITA" name="doLogout" finished-at="2026-04-06T21:12:07 WITA" duration-ms="1813" status="PASS">
          <reporter-output>
          </reporter-output>
        </test-method> <!-- doLogout -->
        <test-method is-config="true" signature="tearDown()[pri:0, instance:com.juaracoding.mera.SwagLabsTest@2133814f]" started-at="2026-04-06T21:12:07 WITA" name="tearDown" finished-at="2026-04-06T21:12:08 WITA" duration-ms="792" status="PASS">
          <reporter-output>
          </reporter-output>
        </test-method> <!-- tearDown -->
      </class> <!-- com.juaracoding.mera.SwagLabsTest -->
    </test> <!-- Surefire test -->
  </suite> <!-- Surefire suite -->
</testng-results>
