<?xml version="1.0" encoding="UTF-8"?>
<!-- Generated by org.testng.reporters.JUnitReportReporter -->
<testsuite hostname="DESKTOP-61GGOE9" failures="0" tests="4" name="com.juaracoding.mera.SwagLabsTest" time="46.915" errors="0" timestamp="2026-04-06T21:12:08 WITA" skipped="0">
  <testcase classname="com.juaracoding.mera.SwagLabsTest" name="testLoginSuccess" time="6.593"/>
  <testcase classname="com.juaracoding.mera.SwagLabsTest" name="testLoginFailed" time="6.246"/>
  <testcase classname="com.juaracoding.mera.SwagLabsTest" name="testCheckoutFlow" time="15.499"/>
  <testcase classname="com.juaracoding.mera.SwagLabsTest" name="testSortAndAddToCart" time="18.577"/>
</testsuite> <!-- com.juaracoding.mera.SwagLabsTest -->
